Mutate.C: In member function ‘float Mutate::scoreDenovo(const BOOM::Sequence&, const BOOM::String&, const BOOM::String&, BOOM::Vector<BOOM::GffTranscript*>&)’:
Mutate.C:625: error: expected ‘}’ at end of input
make: *** [obj/Mutate.o] Error 1
